
=== Wed Oct 23 11:50:45 2019

Packages were changed.
Update Mode: mergeDefaultDependencies

The following packages were updated:
  com.unity.ide.rider from version 1.0.4 to 1.1.0
  com.unity.ide.vscode from version 1.0.4 to 1.1.2

=== Tue Feb 11 16:34:32 2020

Packages were changed.
Update Mode: updateDependencies

The following packages were updated:
  com.unity.analytics from version 3.3.2 to 3.3.5
  com.unity.ide.rider from version 1.1.0 to 1.1.4
  com.unity.ide.vscode from version 1.1.2 to 1.1.4
  com.unity.postprocessing from version 2.1.7 to 2.3.0
  com.unity.render-pipelines.lightweight from version 6.9.2 to 7.1.8
  com.unity.test-framework from version 1.0.13 to 1.1.9
  com.unity.timeline from version 1.1.0 to 1.2.10
The following packages were removed:
  com.unity.package-manager-ui@2.2.0

=== Wed Feb 12 22:45:25 2020

Packages were changed.
Update Mode: updateDependencies

The following packages were updated:
  com.unity.test-framework from version 1.1.9 to 1.1.11
